Wed 10:48: PROGRESS: MaxCompiler version: 2015.1.1 (simulation only)
Wed 10:48: PROGRESS: Build "NRM" start time: Wed Jan 13 10:48:27 PST 2016
Wed 10:48: PROGRESS: Main build process running as user demo on host localhost.localdomain
Wed 10:48: INFO    : Loading build properties from bundled MaxCompiler_build.conf...
Wed 10:48: INFO    : No default external build property file has been specified.
Wed 10:48: INFO    : (Set environment variable MAXCOMPILER_DEFAULT_CONF_FILE to assign one)
Wed 10:48: INFO    : Loading user build properties from: /home/demo/.MaxCompiler_build_user.conf
Wed 10:48: INFO    : No user-specified external build property file has been specified.
Wed 10:48: INFO    : (Set environment variable MAXCOMPILER_BUILD_CONF_FILE to assign one)
Wed 10:48: INFO    : Loading additional parameters from MAXCOMPILER_BUILD_CONF environment variable
Wed 10:48: PROGRESS: Build location: /home/demo/Desktop/MaxCompiler-Builds/NRM_VECTIS_DFE_SIM
Wed 10:48: PROGRESS: Detailed build log available in "_build.log"
Wed 10:48: INFO    : Created build manager NRM (NRM_VECTIS_DFE_SIM Wed Jan 13 10:48:27 PST 2016). (10:48:27 13/01/16)
Wed 10:48: INFO    : Working in dir: /home/demo/Desktop/MaxCompiler-Builds/NRM_VECTIS_DFE_SIM
Wed 10:48: INFO    : Java class path (2 paths):
Wed 10:48: INFO    : 	/home/demo/workspace/NewtonRaphsonMethod/EngineCode/bin
Wed 10:48: INFO    : 	/opt/maxeler/maxcompiler/lib/MaxCompiler.jar
Wed 10:48: INFO    : Java process started by 'main' method in class 'nrm.NRM_Manager'.
Wed 10:48: INFO    : build.arbitrated_core_cache parameter is blank, not using core-cache
Wed 10:48: INFO    : Checking license files in directory: /opt/maxeler/maxcompiler/licenses
Wed 10:48: INFO    : All license signatures valid.
Wed 10:48: INFO    : Backing-up source-files (old source files in build directory will be removed first)...
Wed 10:48: INFO    : Source directories: /home/demo/workspace/NewtonRaphsonMethod/EngineCode/src:
Wed 10:48: INFO    : Deleting directory: src
Wed 10:48: INFO    : Copying source-files took 21.8506 ms
Wed 10:48: PROGRESS: Instantiating manager
Wed 10:48: INFO    : Deleting /home/demo/Desktop/MaxCompiler-Builds/NRM_VECTIS_DFE_SIM/scratch/NRM_Kernel.graphs
Wed 10:48: PROGRESS: Instantiating kernel "NRM_Kernel"
Wed 10:48: PROGRESS: Compiling manager (Configurable)
Wed 10:48: INFO    : Manager Configuration:
Wed 10:48: INFO    : 	ManagerConfiguration.allowNonMultipleTransitions = false                                                         [Init: false]
Wed 10:48: INFO    : 	ManagerConfiguration.board = MAX3424A                                                                            [Init: null, init: MAX3424A]
Wed 10:48: INFO    : 	ManagerConfiguration.build.buildEffort = MEDIUM                                                                  [Init: MEDIUM]
Wed 10:48: INFO    : 	ManagerConfiguration.build.enableChipScopeInserter = false                                                       [Init: false]
Wed 10:48: INFO    : 	ManagerConfiguration.build.enableTimingAnalysis = true                                                           [Init: true]
Wed 10:48: INFO    : 	ManagerConfiguration.build.level = FULL_BUILD                                                                    [Init: FULL_BUILD]
Wed 10:48: INFO    : 	ManagerConfiguration.build.mpprContinueAfterMeetingTiming = false                                                [Init: false]
Wed 10:48: INFO    : 	ManagerConfiguration.build.mpprCtMax = 1                                                                         [Init: 1]
Wed 10:48: INFO    : 	ManagerConfiguration.build.mpprCtMin = 1                                                                         [Init: 1]
Wed 10:48: INFO    : 	ManagerConfiguration.build.mpprParallelism = 1                                                                   [Init: 1]
Wed 10:48: INFO    : 	ManagerConfiguration.build.mpprRetryMissesThrshld = 0                                                            [Init: 0]
Wed 10:48: INFO    : 	ManagerConfiguration.build.optGoal = BALANCED                                                                    [Init: BALANCED]
Wed 10:48: INFO    : 	ManagerConfiguration.build.physSynthAsyncPipelining = AUTO                                                       [Init: AUTO]
Wed 10:48: INFO    : 	ManagerConfiguration.build.physSynthCombLogic = AUTO                                                             [Init: AUTO]
Wed 10:48: INFO    : 	ManagerConfiguration.build.physSynthCombLogicForArea = AUTO                                                      [Init: AUTO]
Wed 10:48: INFO    : 	ManagerConfiguration.build.physSynthEffort = AUTO                                                                [Init: AUTO]
Wed 10:48: INFO    : 	ManagerConfiguration.build.physSynthRegDuplication = AUTO                                                        [Init: AUTO]
Wed 10:48: INFO    : 	ManagerConfiguration.build.physSynthRetiming = AUTO                                                              [Init: AUTO]
Wed 10:48: INFO    : 	ManagerConfiguration.build.physicalSynthesis = false                                                             [Init: false]
Wed 10:48: INFO    : 	ManagerConfiguration.buildTarget = DFE_SIM                                                                       [Init: null, init: DFE_SIM]
Wed 10:48: INFO    : 	ManagerConfiguration.debug.chipscopeCaptureDepth = 4096                                                          [Init: 4096]
Wed 10:48: INFO    : 	ManagerConfiguration.debug.fifoUnderOverFlowRegs = false                                                         [Init: false]
Wed 10:48: INFO    : 	ManagerConfiguration.debug.memCtlDebugRegs = true                                                                [Init: true]
Wed 10:48: INFO    : 	ManagerConfiguration.debug.memCtlExtraDebugRegs = false                                                          [Init: false]
Wed 10:48: INFO    : 	ManagerConfiguration.debug.memMarginingSupport = false                                                           [Init: false]
Wed 10:48: INFO    : 	ManagerConfiguration.debug.memPhyDebugRegister = NONE                                                            [Init: NONE]
Wed 10:48: INFO    : 	ManagerConfiguration.debug.memPllLockDebugRegs = true                                                            [Init: true]
Wed 10:48: INFO    : 	ManagerConfiguration.debug.streamStatus = false                                                                  [Init: false]
Wed 10:48: INFO    : 	ManagerConfiguration.debug.streamStatusChecksums = false                                                         [Init: false]
Wed 10:48: INFO    : 	ManagerConfiguration.dram.addressGeneratorsInSlowClock = false                                                   [Init: false]
Wed 10:48: INFO    : 	ManagerConfiguration.dram.arbitrationMode = ROUND_ROBIN                                                          [Init: ROUND_ROBIN]
Wed 10:48: INFO    : 	ManagerConfiguration.dram.burstSize = 8                                                                          [Init: 8]
Wed 10:48: INFO    : 	ManagerConfiguration.dram.cmdFifoInReg = false                                                                   [Init: false]
Wed 10:48: INFO    : 	ManagerConfiguration.dram.cmdFifoLutRam = false                                                                  [Init: false]
Wed 10:48: INFO    : 	ManagerConfiguration.dram.cmdFifoRegInRam = true                                                                 [Init: true]
Wed 10:48: INFO    : 	ManagerConfiguration.dram.cmdFifoSize = 31                                                                       [Init: 31]
Wed 10:48: INFO    : 	ManagerConfiguration.dram.commandEchoModeEnabled = false                                                         [Init: false]
Wed 10:48: INFO    : 	ManagerConfiguration.dram.commandEchoModeFifoDepth = 512                                                         [Init: 512]
Wed 10:48: INFO    : 	ManagerConfiguration.dram.commandEchoModeStreamAlmostEmptyLatency = 792                                          [Init: 792]
Wed 10:48: INFO    : 	ManagerConfiguration.dram.commandEchoModeStreamAlmostEmptyLatency = 8                                            [Init: 8]
Wed 10:48: INFO    : 	ManagerConfiguration.dram.commandEchoModeStreamStallLatency = 8                                                  [Init: 8]
Wed 10:48: INFO    : 	ManagerConfiguration.dram.dataFifoDepth = 512                                                                    [Init: 512]
Wed 10:48: INFO    : 	ManagerConfiguration.dram.dataFifoLutRam = false                                                                 [Init: false]
Wed 10:48: INFO    : 	ManagerConfiguration.dram.dataFifoWidth = 792                                                                    [Init: 792]
Wed 10:48: INFO    : 	ManagerConfiguration.dram.eccMode = false                                                                        [Init: false]
Wed 10:48: INFO    : 	ManagerConfiguration.dram.fabricDataFifoReg = true                                                               [Init: true]
Wed 10:48: INFO    : 	ManagerConfiguration.dram.fabricRdDataFifoReg = false                                                            [Init: false]
Wed 10:48: INFO    : 	ManagerConfiguration.dram.flagSupport = false                                                                    [Init: false]
Wed 10:48: INFO    : 	ManagerConfiguration.dram.highPrioStream = false                                                                 [Init: false]
Wed 10:48: INFO    : 	ManagerConfiguration.dram.max2CompatMode = false                                                                 [Init: false]
Wed 10:48: INFO    : 	ManagerConfiguration.dram.max4m_GALAVA_MCP_UseRefClk = false                                                     [Init: false]
Wed 10:48: INFO    : 	ManagerConfiguration.dram.max4m_MAIA_MCP_UseRefClk = false                                                       [Init: false]
Wed 10:48: INFO    : 	ManagerConfiguration.dram.max4qrateMode = false                                                                  [Init: false]
Wed 10:48: INFO    : 	ManagerConfiguration.dram.memCmdIncSize = 8                                                                      [Init: 8]
Wed 10:48: INFO    : 	ManagerConfiguration.dram.memCmdStartAddrSize = 32                                                               [Init: 32]
Wed 10:48: INFO    : 	ManagerConfiguration.dram.onCardMemFreq = 303.0                                                                  [Init: 0.0, change: 303.0]
Wed 10:48: INFO    : 	ManagerConfiguration.dram.parEccDebugStream = false                                                              [Init: false]
Wed 10:48: INFO    : 	ManagerConfiguration.dram.parityEccWidth = 0                                                                     [Init: 0]
Wed 10:48: INFO    : 	ManagerConfiguration.dram.parityMode = false                                                                     [Init: false]
Wed 10:48: INFO    : 	ManagerConfiguration.dram.perdqsPhaseDetect = false                                                              [Init: false]
Wed 10:48: INFO    : 	ManagerConfiguration.dram.performanceMode = true                                                                 [Init: true]
Wed 10:48: INFO    : 	ManagerConfiguration.enableMPCX = false                                                                          [Init: false, init: false]
Wed 10:48: INFO    : 	ManagerConfiguration.maxring.maxringConnections = []                                                             [Init: []]
Wed 10:48: INFO    : 	ManagerConfiguration.maxring.maxringNumLanes = {MAXRING_LITE_B=1, MAXRING_LITE_A=1, MAXRING_B=2, MAXRING_A=2}    [Init: {}]
Wed 10:48: INFO    : 	ManagerConfiguration.multiCycleMappedMemoryBus = false                                                           [Init: false]
Wed 10:48: INFO    : 	ManagerConfiguration.network.qsfp0Mode = QSFP_OFF                                                                [Init: QSFP_OFF]
Wed 10:48: INFO    : 	ManagerConfiguration.network.qsfp1Mode = QSFP_OFF                                                                [Init: QSFP_OFF]
Wed 10:48: INFO    : 	ManagerConfiguration.network.qsfp2Mode = QSFP_OFF                                                                [Init: QSFP_OFF]
Wed 10:48: INFO    : 	ManagerConfiguration.network.qsfp3Mode = QSFP_OFF                                                                [Init: QSFP_OFF]
Wed 10:48: INFO    : 	ManagerConfiguration.network.qsfp4Mode = QSFP_OFF                                                                [Init: QSFP_OFF]
Wed 10:48: INFO    : 	ManagerConfiguration.network.qsfp5Mode = QSFP_OFF                                                                [Init: QSFP_OFF]
Wed 10:48: INFO    : 	ManagerConfiguration.network.qsfp6Mode = QSFP_OFF                                                                [Init: QSFP_OFF]
Wed 10:48: INFO    : 	ManagerConfiguration.network.qsfp7Mode = QSFP_OFF                                                                [Init: QSFP_OFF]
Wed 10:48: INFO    : 	ManagerConfiguration.pcie.numPCIeLanes = 0                                                                       [Init: 0]
Wed 10:48: INFO    : 	ManagerConfiguration.pcie.pcieFastClock = false                                                                  [Init: false]
Wed 10:48: INFO    : 	ManagerConfiguration.pcie.streamFromHostMaxNum = 8                                                               [Init: 0, change: 8]
Wed 10:48: INFO    : 	ManagerConfiguration.pcie.streamToHostMaxNum = 8                                                                 [Init: 0, change: 8]
Wed 10:48: INFO    : 	ManagerConfiguration.persona.boardModel = MAX3424A                                                               [Init: null, change: MAX3424A]
Wed 10:48: INFO    : 	ManagerConfiguration.persona.ddr3Enable = false                                                                  [Init: false]
Wed 10:48: INFO    : 	ManagerConfiguration.persona.ddr3Frq = 303.0                                                                     [Init: 400.0, change: 303.0]
Wed 10:48: INFO    : 	ManagerConfiguration.persona.ddr3Qmode = false                                                                   [Init: false]
Wed 10:48: INFO    : 	ManagerConfiguration.persona.disableMultiplePersona = true                                                       [Init: true]
Wed 10:48: INFO    : 	ManagerConfiguration.persona.dynamic_scaling = false                                                             [Init: false]
Wed 10:48: INFO    : 	ManagerConfiguration.persona.enableCPLDOverrideOutpus = false                                                    [Init: false]
Wed 10:48: INFO    : 	ManagerConfiguration.persona.enableJDFEPTPTestLogic = false                                                      [Init: false]
Wed 10:48: INFO    : 	ManagerConfiguration.persona.maxRingLocal = false                                                                [Init: false]
Wed 10:48: INFO    : 	ManagerConfiguration.persona.maxRingOptical = false                                                              [Init: false]
Wed 10:48: INFO    : 	ManagerConfiguration.persona.maxringDataRate = 2500.0                                                            [Init: 2500.0]
Wed 10:48: INFO    : 	ManagerConfiguration.persona.maxringOpticalDataRate = 10000.0                                                    [Init: 10000.0]
Wed 10:48: INFO    : 	ManagerConfiguration.persona.mode = InitMode                                                                     [Init: InitMode]
Wed 10:48: INFO    : 	ManagerConfiguration.persona.networkPTP = OFF                                                                    [Init: OFF]
Wed 10:48: INFO    : 	ManagerConfiguration.persona.panMaxRingA = false                                                                 [Init: false]
Wed 10:48: INFO    : 	ManagerConfiguration.persona.panMaxRingB = false                                                                 [Init: false]
Wed 10:48: INFO    : 	ManagerConfiguration.persona.personaInterfaceVersion = 1                                                         [Init: 1]
Wed 10:48: INFO    : 	ManagerConfiguration.persona.qdr2Enable = false                                                                  [Init: false]
Wed 10:48: INFO    : 	ManagerConfiguration.persona.qdr2Frq = 550.0                                                                     [Init: 550.0]
Wed 10:48: INFO    : 	ManagerConfiguration.persona.streamClks = 1                                                                      [Init: 1]
Wed 10:48: INFO    : 	ManagerConfiguration.persona.streamFrq = [100.0]                                                                 [Init: [150.0], change: [100.0]]
Wed 10:48: INFO    : 	ManagerConfiguration.persona.streamPs = [0]                                                                      [Init: [0]]
Wed 10:48: INFO    : 	ManagerConfiguration.persona.usePCIeGen1 = false                                                                 [Init: false]
Wed 10:48: INFO    : 	ManagerConfiguration.simulation.nativeFloatingPoint = false                                                      [Init: false]
Wed 10:48: INFO    : 	ManagerConfiguration.streamClockFrq = 100                                                                        [Init: 100]
Wed 10:48: INFO    : 	ManagerConfiguration.useLegacyStreamFIFOs = false                                                                [Init: false]
Wed 10:48: INFO    : 
Wed 10:48: INFO    :  -- 
Wed 10:48: PROGRESS: 
Wed 10:48: PROGRESS: Compiling kernel "NRM_Kernel"
Wed 10:48: INFO    : Configuration:
Wed 10:48: INFO    : 	KernelConfiguration.additionalInputPipelining = 64                                          [Init: 64]
Wed 10:48: INFO    : 	KernelConfiguration.allowDSPCascading = true                                                [Init: true]
Wed 10:48: INFO    : 	KernelConfiguration.allowInputsOutputsBeforeFlushNode = false                               [Init: false]
Wed 10:48: INFO    : 	KernelConfiguration.allowZeroLatencyNodeHold = false                                        [Init: false]
Wed 10:48: INFO    : 	KernelConfiguration.board = MAX3424A                                                        [Init: MAX2116B, change: MAX3424A]
Wed 10:48: INFO    : 	KernelConfiguration.bramBitsThreshold = 2080                                                [Init: 2080]
Wed 10:48: INFO    : 	KernelConfiguration.buildTarget = MAXCOMPILERSIM_HOST_DRIVEN                                [Init: NONE, change: MAXCOMPILERSIM_HOST_DRIVEN]
Wed 10:48: INFO    : 	KernelConfiguration.cePipelining = 2                                                        [Init: 2]
Wed 10:48: INFO    : 	KernelConfiguration.clockPhaseBalanceThreshold = 0.1                                        [Init: 0.1]
Wed 10:48: INFO    : 	KernelConfiguration.clockPhasingRetries = 50                                                [Init: 50]
Wed 10:48: INFO    : 	KernelConfiguration.dumpNeighboursString =                                                  [Init: ]
Wed 10:48: INFO    : 	KernelConfiguration.enableCeReplication = true                                              [Init: true]
Wed 10:48: INFO    : 	KernelConfiguration.enableClockPhasePartitioning = false                                    [Init: false]
Wed 10:48: INFO    : 	KernelConfiguration.enableDebugIOControlRegs = true                                         [Init: true]
Wed 10:48: INFO    : 	KernelConfiguration.enableDummyBuild = false                                                [Init: false]
Wed 10:48: INFO    : 	KernelConfiguration.enableKernelProfiler = false                                            [Init: false]
Wed 10:48: INFO    : 	KernelConfiguration.enablePipelinedComputeController = false                                [Init: false]
Wed 10:48: INFO    : 	KernelConfiguration.enableShadowRegister = false                                            [Init: false]
Wed 10:48: INFO    : 	KernelConfiguration.enableSmartKernelControl = false                                        [Init: false]
Wed 10:48: INFO    : 	KernelConfiguration.fifoSrlRegisterStages = 1                                               [Init: 1]
Wed 10:48: INFO    : 	KernelConfiguration.flushOnInputDataCongtiguous = false                                     [Init: false]
Wed 10:48: INFO    : 	KernelConfiguration.hardwareDebugDepth = 512                                                [Init: 512]
Wed 10:48: INFO    : 	KernelConfiguration.hwHierarchyMode = UNSET                                                 [Init: UNSET]
Wed 10:48: INFO    : 	KernelConfiguration.latencyAnnotation = false                                               [Init: false]
Wed 10:48: INFO    : 	KernelConfiguration.latencyAnnotationIOs =                                                  [Init: null]
Wed 10:48: INFO    : 	KernelConfiguration.maxCoalescedFifoWidth = 2147483647                                      [Init: 2147483647]
Wed 10:48: INFO    : 	KernelConfiguration.maxPreAdderFanOut = 1                                                   [Init: 1]
Wed 10:48: INFO    : 	KernelConfiguration.netlistMode = false                                                     [Init: false]
Wed 10:48: INFO    : 	KernelConfiguration.numPhotonStateMachines = 1                                              [Init: 1]
Wed 10:48: INFO    : 	KernelConfiguration.optimizations.ceCounterRegisterDuplication = 1                          [Init: 1]
Wed 10:48: INFO    : 	KernelConfiguration.optimizations.conditionalArithmetic = false                             [Init: true, Init after BuildTarget change: false]
Wed 10:48: INFO    : 	KernelConfiguration.optimizations.counterChainWrapPipelining = 0                            [Init: 0]
Wed 10:48: INFO    : 	KernelConfiguration.optimizations.dspAddChain = OPTIMISE_IGNORE_PREADDER                    [Init: null, Init after BuildTarget change: OPTIMISE_IGNORE_PREADDER]
Wed 10:48: INFO    : 	KernelConfiguration.optimizations.enableActiveFanoutReduction = false                       [Init: false]
Wed 10:48: INFO    : 	KernelConfiguration.optimizations.enableBUFGCE = false                                      [Init: false]
Wed 10:48: INFO    : 	KernelConfiguration.optimizations.enableBetterInputRegistering = false                      [Init: false]
Wed 10:48: INFO    : 	KernelConfiguration.optimizations.enableBetterRegistering = false                           [Init: false]
Wed 10:48: INFO    : 	KernelConfiguration.optimizations.enableFIFOCoalescingAcrossPlacementConstraints = false    [Init: false]
Wed 10:48: INFO    : 	KernelConfiguration.optimizations.enableFifoCoalescing = true                               [Init: true]
Wed 10:48: INFO    : 	KernelConfiguration.optimizations.enableFullPrecisionBinaryOpConstants = false              [Init: false]
Wed 10:48: INFO    : 	KernelConfiguration.optimizations.enableIntegratedRounding = false                          [Init: false]
Wed 10:48: INFO    : 	KernelConfiguration.optimizations.enableMappedMemoryHostReadBack = true                     [Init: true]
Wed 10:48: INFO    : 	KernelConfiguration.optimizations.enableMultiCycleReset = false                             [Init: false]
Wed 10:48: INFO    : 	KernelConfiguration.optimizations.enablePowerTwoFloatMult = true                            [Init: true]
Wed 10:48: INFO    : 	KernelConfiguration.optimizations.enableRedundantNodeDeletion = true                        [Init: true]
Wed 10:48: INFO    : 	KernelConfiguration.optimizations.enableStateMachineRegisterMerging = true                  [Init: true]
Wed 10:48: INFO    : 	KernelConfiguration.optimizations.inputFlushDistanceFactor = 0                              [Init: 0]
Wed 10:48: INFO    : 	KernelConfiguration.optimizations.minimumStaticFIFOSplitDepth = 1                           [Init: 1]
Wed 10:48: INFO    : 	KernelConfiguration.optimizations.optimizationTechnique = DEFAULT                           [Init: DEFAULT]
Wed 10:48: INFO    : 	KernelConfiguration.optimizations.triAdd = false                                            [Init: true, Init after BuildTarget change: false]
Wed 10:48: INFO    : 	KernelConfiguration.partialReconfBlockName =                                                [Init: ]
Wed 10:48: INFO    : 	KernelConfiguration.partialReconfMode = false                                               [Init: false]
Wed 10:48: INFO    : 	KernelConfiguration.partialReconfTemplate = false                                           [Init: false]
Wed 10:48: INFO    : 	KernelConfiguration.replicateNodeCeLog2NumPartitions = 0                                    [Init: 0]
Wed 10:48: INFO    : 	KernelConfiguration.romBRAMBitsThreshold = 2080                                             [Init: 2080]
Wed 10:48: INFO    : 	KernelConfiguration.simulation.ramAddressCollisionBehaviour = EXCEPTION                     [Init: EXCEPTION]
Wed 10:48: INFO    : 	KernelConfiguration.simulation.ramOutOfBoundsAccessBehaviour = EXCEPTION                    [Init: EXCEPTION]
Wed 10:48: INFO    : 	KernelConfiguration.simulation.simProgressMessageFrequency = 0                              [Init: 0]
Wed 10:48: INFO    : 
Wed 10:48: INFO    :  -- 
Wed 10:48: INFO    : Writing current graph to: NRM-NRM_Kernel-original.pxg
Wed 10:48: INFO    : Running kernel graph-pass 'GeneratePXG'.
Wed 10:48: INFO    : Graph-pass 'GeneratePXG' took 848.038 ms (1 iterations)
Wed 10:48: INFO    : Running kernel graph-pass 'MarkConstantPass'.
Wed 10:48: INFO    : Graph-pass 'MarkConstantPass' took 16.2073 ms (1 iterations)
Wed 10:48: INFO    : Running kernel graph-pass 'ReachabilityPass'.
Wed 10:48: INFO    : Graph-pass 'ReachabilityPass' took 9.22967 ms (1 iterations)
Wed 10:48: INFO    : Running kernel graph-pass 'FindInputsLeadingToFlush'.
Wed 10:48: INFO    : Graph-pass 'FindInputsLeadingToFlush' took 212.928 µs (1 iterations)
Wed 10:48: INFO    : Running kernel graph-pass 'CheckForStatefulToFlushViolations'.
Wed 10:48: INFO    : Graph-pass 'CheckForStatefulToFlushViolations' took 1.14628 ms (1 iterations)
Wed 10:48: INFO    : Running kernel graph-pass 'CheckForInputToFlushViolations'.
Wed 10:48: INFO    : Graph-pass 'CheckForInputToFlushViolations' took 10.8936 ms (1 iterations)
Wed 10:48: INFO    : Deleting directory: neighbours
Wed 10:48: INFO    : Running Photon pre-schedule graph optimisations
Wed 10:48: INFO    : Running kernel graph-pass 'AlignOrEradicatePrintfs'.
Wed 10:48: INFO    : Graph-pass 'AlignOrEradicatePrintfs' took 131.937 µs (1 iterations)
Wed 10:48: INFO    : Running kernel graph-pass 'FoldConstantsPass'.
Wed 10:48: INFO    : Graph-pass 'FoldConstantsPass' took 14.8360 ms (1 iterations)
Wed 10:48: INFO    : Running kernel graph-pass 'OptimiseNodesPass'.
Wed 10:48: INFO    : Graph-pass 'OptimiseNodesPass' took 20.8857 ms (2 iterations)
Wed 10:48: INFO    : Running kernel graph-pass 'DeleteRedundantNodes'.
Wed 10:48: INFO    : Graph-pass 'DeleteRedundantNodes' took 854.530 µs (1 iterations)
Wed 10:48: INFO    : Running kernel graph-pass 'DSPMultiplyAddExtractionPass'.
Wed 10:48: INFO    : Optimized 0 sub-graphs into DSP multiply/add chains (Virtex5 mode).
Wed 10:48: INFO    : Graph-pass 'DSPMultiplyAddExtractionPass' took 86.8138 ms (1 iterations)
Wed 10:48: INFO    : Running kernel graph-pass 'PO2FPMultOptimiser'.
Wed 10:48: INFO    : Graph-pass 'PO2FPMultOptimiser' took 602.779 µs (1 iterations)
Wed 10:48: INFO    : Running Photon simulation preparation
Wed 10:48: INFO    : Running kernel graph-pass 'PrepareSimulationPass'.
Wed 10:48: INFO    : Graph-pass 'PrepareSimulationPass' took 196.023 µs (1 iterations)
Wed 10:48: INFO    : Logging Photon stats to: NRM_Kernel_photon_stats.csv
Wed 10:48: INFO    : Deleting /home/demo/Desktop/MaxCompiler-Builds/NRM_VECTIS_DFE_SIM/scratch/NRM_Kernel_photon_stats.csv
Wed 10:48: INFO    : Running kernel graph-pass 'StatsPass'.
Wed 10:48: INFO    : Graph-pass 'StatsPass' took 18.6869 ms (1 iterations)
Wed 10:48: INFO    : Running kernel graph-pass 'CollectNumericExceptions'.
Wed 10:48: INFO    : Graph-pass 'CollectNumericExceptions' took 230.295 µs (1 iterations)
Wed 10:48: INFO    : Running kernel graph-pass 'StreamOffsetDivExpand'.
Wed 10:48: INFO    : Graph-pass 'StreamOffsetDivExpand' took 156.775 µs (1 iterations)
Wed 10:48: INFO    : Running kernel graph-pass 'FindIllegalLoops'.
Wed 10:48: INFO    : Graph-pass 'FindIllegalLoops' took 792.293 µs (1 iterations)
Wed 10:48: INFO    : Running kernel graph-pass 'MarkConstantPass'.
Wed 10:48: INFO    : Graph-pass 'MarkConstantPass' took 363.140 µs (1 iterations)
Wed 10:48: INFO    : Running kernel graph-pass 'ScheduleVariables'.
Wed 10:48: INFO    : Graph-pass 'ScheduleVariables' took 4.40788 ms (1 iterations)
Wed 10:48: INFO    : Running kernel graph-pass 'SubstituteEqPlaceholders'.
Wed 10:48: INFO    : Graph-pass 'SubstituteEqPlaceholders' took 109.852 µs (1 iterations)
Wed 10:48: INFO    : Running kernel graph-pass 'ScheduleApplier'.
Wed 10:48: INFO    : Graph-pass 'ScheduleApplier' took 360.030 µs (1 iterations)
Wed 10:48: INFO    : Running kernel graph-pass 'MarkConstantPass'.
Wed 10:48: INFO    : Graph-pass 'MarkConstantPass' took 325.437 µs (1 iterations)
Wed 10:48: INFO    : Running kernel graph-pass 'ScheduleDumper'.
Wed 10:48: INFO    : Graph-pass 'ScheduleDumper' took 695.211 µs (1 iterations)
Wed 10:48: INFO    : Running Photon post-schedule graph optimisations (pass 1)
Wed 10:48: INFO    : Running kernel graph-pass 'TapFIFOsPass'.
Wed 10:48: INFO    : Graph-pass 'TapFIFOsPass' took 1.08263 ms (1 iterations)
Wed 10:48: INFO    : Running kernel graph-pass 'FoldFIFOsPass'.
Wed 10:48: INFO    : Graph-pass 'FoldFIFOsPass' took 377.688 µs (1 iterations)
Wed 10:48: INFO    : Running kernel graph-pass 'MarkConstantPass'.
Wed 10:48: INFO    : Graph-pass 'MarkConstantPass' took 526.814 µs (1 iterations)
Wed 10:48: INFO    : Running kernel graph-pass 'ValidateFIFOs'.
Wed 10:48: INFO    : Graph-pass 'ValidateFIFOs' took 216.450 µs (1 iterations)
Wed 10:48: INFO    : Running kernel graph-pass 'MarkConstantPass'.
Wed 10:48: INFO    : Graph-pass 'MarkConstantPass' took 2.60682 ms (1 iterations)
Wed 10:48: INFO    : Running kernel graph-pass 'ScheduleDumper'.
Wed 10:48: INFO    : Graph-pass 'ScheduleDumper' took 795.723 µs (1 iterations)
Wed 10:48: INFO    : Running kernel graph-pass 'MarkConstantPass'.
Wed 10:48: INFO    : Graph-pass 'MarkConstantPass' took 580.142 µs (1 iterations)
Wed 10:48: INFO    : Running kernel graph-pass 'ScheduleConstants'.
Wed 10:48: INFO    : Running command: "/opt/maxeler/maxcompiler/bin/cbc" "NRM_Kernel_schedule_C.mps.gz" -solve  -printi csv -solu "NRM_Kernel_schedule_C.csv" > "NRM_Kernel_schedule_C.stdout.log"
Wed 10:48: INFO    : Checking for file hash changes...
Wed 10:48: INFO    : No changes.
Wed 10:48: INFO    : Optimum found: 0
Wed 10:48: INFO    : Graph-pass 'ScheduleConstants' took 83.1615 ms (1 iterations)
Wed 10:48: INFO    : Running kernel graph-pass 'MarkConstantPass'.
Wed 10:48: INFO    : Graph-pass 'MarkConstantPass' took 310.888 µs (1 iterations)
Wed 10:48: INFO    : Running kernel graph-pass 'ScheduleDumper'.
Wed 10:48: INFO    : Graph-pass 'ScheduleDumper' took 516.633 µs (1 iterations)
Wed 10:48: INFO    : Running kernel graph-pass 'SubstituteEqPlaceholders'.
Wed 10:48: INFO    : Graph-pass 'SubstituteEqPlaceholders' took 76.6340 µs (1 iterations)
Wed 10:48: INFO    : Running kernel graph-pass 'RemoveDistMeasurementNodes'.
Wed 10:48: INFO    : Graph-pass 'RemoveDistMeasurementNodes' took 11.5180 µs (1 iterations)
Wed 10:48: INFO    : Running kernel graph-pass 'ScheduleApplier'.
Wed 10:48: INFO    : Graph-pass 'ScheduleApplier' took 246.801 µs (1 iterations)
Wed 10:48: INFO    : Maximum stream latency for kernel 'NRM_Kernel': 5
Wed 10:48: INFO    : Using user logic for flush.
Wed 10:48: INFO    : Running Photon post-schedule graph optimisations (pass 2)
Wed 10:48: INFO    : Running kernel graph-pass 'TapFIFOsPass'.
Wed 10:48: INFO    : Graph-pass 'TapFIFOsPass' took 927.975 µs (1 iterations)
Wed 10:48: INFO    : Running kernel graph-pass 'FoldFIFOsPass'.
Wed 10:48: INFO    : Graph-pass 'FoldFIFOsPass' took 371.240 µs (1 iterations)
Wed 10:48: INFO    : Running kernel graph-pass 'MarkConstantPass'.
Wed 10:48: INFO    : Graph-pass 'MarkConstantPass' took 347.508 µs (1 iterations)
Wed 10:48: INFO    : Running kernel graph-pass 'ScheduleAsserter'.
Wed 10:48: INFO    : Graph-pass 'ScheduleAsserter' took 252.167 µs (1 iterations)
Wed 10:48: INFO    : Running kernel graph-pass 'ReplaceEvalStreamOffsetNodes'.
Wed 10:48: INFO    : Graph-pass 'ReplaceEvalStreamOffsetNodes' took 278.257 µs (1 iterations)
Wed 10:48: INFO    : Running kernel graph-pass 'FIFOReport'.
Wed 10:48: INFO    : Graph-pass 'FIFOReport' took 4.69631 ms (1 iterations)
Wed 10:48: INFO    : Running kernel graph-pass 'StatsPass'.
Wed 10:48: INFO    : Graph-pass 'StatsPass' took 1.50980 ms (1 iterations)
Wed 10:48: INFO    : Running kernel graph-pass 'RemoveUntypedConstants'.
Wed 10:48: INFO    : Graph-pass 'RemoveUntypedConstants' took 210.594 ms (1 iterations)
Wed 10:48: INFO    : Running kernel graph-pass 'VariableSizeMappedRegInserter'.
Wed 10:48: INFO    : Graph-pass 'VariableSizeMappedRegInserter' took 163.677 µs (1 iterations)
Wed 10:48: INFO    : Running kernel graph-pass 'MarkConstantPass'.
Wed 10:48: INFO    : Graph-pass 'MarkConstantPass' took 238.066 µs (1 iterations)
Wed 10:48: INFO    : Running kernel graph-pass 'MakeMaxFileNodeData'.
Wed 10:48: INFO    : Graph-pass 'MakeMaxFileNodeData' took 14.3249 ms (1 iterations)
Wed 10:48: INFO    : Running kernel graph-pass 'MoveFanoutRegsForwards'.
Wed 10:48: INFO    : Graph-pass 'MoveFanoutRegsForwards' took 161.885 µs (1 iterations)
Wed 10:48: INFO    : Optimization report for Kernel 'NRM_Kernel'.
Wed 10:48: INFO    : Enabled optimizations:
Wed 10:48: INFO    : 	DSP-Multiplication
Wed 10:48: INFO    : 	Power-of-2 Floating Point
Wed 10:48: INFO    : Creating a preliminary MaxCompilerDesignData.dat. (@ CoreCompile NRM_Kernel)
Wed 10:48: INFO    : Deleting /home/demo/Desktop/MaxCompiler-Builds/NRM_VECTIS_DFE_SIM/scratch/MaxCompilerDesignData.dat
Wed 10:48: INFO    : Total compilation of 'NRM_Kernel' took 2.71723 s.
Wed 10:48: INFO    : Running kernel graph-pass 'MarkConstantPass'.
Wed 10:48: INFO    : Graph-pass 'MarkConstantPass' took 279.859 µs (1 iterations)
Wed 10:48: INFO    : Running kernel graph-pass 'MaxConstantLatency'.
Wed 10:48: INFO    : Graph-pass 'MaxConstantLatency' took 12.0092 ms (1 iterations)
Wed 10:48: INFO    : Running kernel graph-pass 'SimCodeGraphPass'.
Wed 10:48: INFO    : Graph-pass 'SimCodeGraphPass' took 107.549 ms (1 iterations)
Wed 10:48: INFO    : Writing current graph to: NRM-NRM_Kernel-final-simulation.pxg
Wed 10:48: INFO    : Running kernel graph-pass 'GeneratePXG'.
Wed 10:48: INFO    : Graph-pass 'GeneratePXG' took 257.865 ms (1 iterations)
Wed 10:48: INFO    : Deleting /home/demo/Desktop/MaxCompiler-Builds/NRM_VECTIS_DFE_SIM/scratch/Manager_NRM.graphs
Wed 10:48: INFO    : Running manager compiler graph-pass: GenerateMXGInfo
Wed 10:48: INFO    : Running manager compiler graph-pass: ScheduleStallLatency
Wed 10:48: INFO    : Running manager compiler graph-pass: ClockWidthAssignment
Wed 10:48: INFO    : Running manager compiler graph-pass: InsertDualAspectLogic
Wed 10:48: INFO    : Running manager compiler graph-pass: ClockWidthAssignment
Wed 10:48: INFO    : Running manager compiler graph-pass: InsertPullPushAdapter
Wed 10:48: INFO    : Running manager compiler graph-pass: ClockWidthAssignment
Wed 10:48: INFO    : Running manager compiler graph-pass: InsertStreamFifos
Wed 10:48: INFO    : Running manager compiler graph-pass: ClockWidthAssignment
Wed 10:48: INFO    : Running manager compiler graph-pass: InsertStreamStatus
Wed 10:48: INFO    : Running manager compiler graph-pass: InsertChipscope
Wed 10:48: INFO    : Inserted 0 chipscope manager nodes.
Wed 10:48: INFO    : Running manager compiler graph-pass: ClockWidthAssignment
Wed 10:48: INFO    : Running manager compiler graph-pass: ReportClockAssignments
Wed 10:48: INFO    : Running manager compiler graph-pass: BuildSoftwareSim
Wed 10:48: INFO    : Mapped register report:
Wed 10:48: INFO    : 	0	x0	8bytes
Wed 10:48: INFO    : 	8	io_x1_force_disabled	1bytes
Wed 10:48: INFO    : 	9	run_cycle_count	6bytes
Wed 10:48: INFO    : 	f	current_run_cycle_count	6bytes
Wed 10:48: INFO    : 	15	dbg_ctld_almost_empty	1bytes
Wed 10:48: INFO    : 	16	dbg_ctld_done	1bytes
Wed 10:48: INFO    : 	17	dbg_ctld_empty	1bytes
Wed 10:48: INFO    : 	18	dbg_ctld_read	1bytes
Wed 10:48: INFO    : 	19	dbg_ctld_read_pipe_dbg	1bytes
Wed 10:48: INFO    : 	1a	dbg_ctld_request	1bytes
Wed 10:48: INFO    : 	1b	dbg_done_out	1bytes
Wed 10:48: INFO    : 	1c	dbg_fill_level	1bytes
Wed 10:48: INFO    : 	1d	dbg_flush_level	1bytes
Wed 10:48: INFO    : 	1e	dbg_flush_start	1bytes
Wed 10:48: INFO    : 	1f	dbg_flush_start_level	1bytes
Wed 10:48: INFO    : 	20	dbg_flushing	1bytes
Wed 10:48: INFO    : 	21	dbg_full_level	1bytes
Wed 10:48: INFO    : 	22	dbg_out_stall	1bytes
Wed 10:48: INFO    : 	23	dbg_out_valid	1bytes
Wed 10:48: INFO    : 	24	dbg_stall_vector	1bytes
Wed 10:48: INFO    : 	25	ifpga_ctrl	1bytes
Wed 10:48: INFO    : 	26	SFA_FORWARD_EN	4bytes
Wed 10:48: INFO    : Mapped register chain length = 42
Wed 10:48: INFO    : Mapped register efficiency = 0.67 (225 / 336 bits)
Wed 10:48: INFO    : Mapped memory report:
Wed 10:48: INFO    : 	No mapped memories in this design.
Wed 10:48: INFO    : Running manager compiler graph-pass: GenerateMXGInfo
Wed 10:48: INFO    : Running manager compiler graph-pass: GenerateSlicHostCode
Wed 10:48: INFO    : Generating SLIC interface information
Wed 10:48: INFO    : Generating SLIC code for interface 'default'
Wed 10:48: INFO    : Skipping blacklisted scalar parameter 'NRM_Kernel.current_run_cycle_count'
Wed 10:48: INFO    : Interface 'default' depends on parameter 'maxmitr'
Wed 10:48: INFO    : Interface 'default' depends on parameter 'x0'
Wed 10:48: INFO    : Generating XML description for Maxfile
Wed 10:48: INFO    : Generating XML description for mode 'default'
Wed 10:48: INFO    : Skipping blacklisted scalar parameter 'NRM_Kernel.current_run_cycle_count'
Wed 10:48: INFO    : Interface 'default' depends on parameter 'maxmitr'
Wed 10:48: INFO    : Interface 'default' depends on parameter 'x0'
Wed 10:48: INFO    : Adding SLIC sections to the maxfile
Wed 10:48: INFO    : Adding user files to the maxfile
Wed 10:48: INFO    : Generating SLIC include file
Wed 10:48: INFO    : Done generating SLIC interface information
Wed 10:48: PROGRESS: Running back-end simulation build (3 phases)
Wed 10:48: PROGRESS: (1/3) - Prepare MaxFile Data (GenerateMaxFileDataFile)
Wed 10:48: INFO    : Build pass 'GenerateMaxFileDataFile' took 43.4486 ms.
Wed 10:48: PROGRESS: (2/3) - Compile Simulation Modules (SimCompilePass)
Wed 10:48: INFO    : Running command: make -j1
Wed 10:48: INFO    : Checking for file hash changes...
Wed 10:48: INFO    : Hash changed for file: '../../MaxCompilerDesignData.dat'
Wed 10:48: INFO    : /opt/maxeler/maxcompiler/lib/clang/bin/start.sh clang++ -c -fPIC -B/opt/maxeler/maxcompiler/lib/gcc -fbracket-depth=1024 -D_GLIBCXX__PTHREADS -D__USE_XOPEN2K8 -O3  -I. -I/opt/maxeler/maxcompiler/lib/boost/include -I/opt/maxeler/maxcompiler/lib/maxeleros-sim/include -I/opt/maxeler/maxcompiler/lib/lwip_sim -I/opt/maxeler/maxcompiler/lib/lwip_sim/include -I/opt/maxeler/maxcompiler/lib/lwip_sim/include/arch -I/opt/maxeler/maxcompiler/lib/lwip_sim/include/ipv4  -DHAVE_KERNELS -DMAXFILE_INC="../../MaxCompilerDesignData.dat" -g0  -DSLIC_NO_DECLARATIONS   -O0 -DOPTIMIZATION_LEVEL=0 -x c++-header \
Wed 10:48: INFO    : 		-o stdsimheader.h.gch/O0_stdsimheader.h.gch stdsimheader.h
Wed 10:48: INFO    : /opt/maxeler/maxcompiler/lib/clang/bin/start.sh clang++ -c -fPIC -B/opt/maxeler/maxcompiler/lib/gcc -fbracket-depth=1024 -D_GLIBCXX__PTHREADS -D__USE_XOPEN2K8 -O3  -I. -I/opt/maxeler/maxcompiler/lib/boost/include -I/opt/maxeler/maxcompiler/lib/maxeleros-sim/include -I/opt/maxeler/maxcompiler/lib/lwip_sim -I/opt/maxeler/maxcompiler/lib/lwip_sim/include -I/opt/maxeler/maxcompiler/lib/lwip_sim/include/arch -I/opt/maxeler/maxcompiler/lib/lwip_sim/include/ipv4  -DHAVE_KERNELS -DMAXFILE_INC="../../MaxCompilerDesignData.dat" -g0  -DSLIC_NO_DECLARATIONS   -fno-implicit-templates -O2 -DOPTIMIZATION_LEVEL=2 -x c++-header \
Wed 10:48: INFO    : 		-o stdsimheader.h.gch/NoTplInst_O2_stdsimheader.h.gch stdsimheader.h
Wed 10:48: INFO    : make NRM.so
Wed 10:48: INFO    : make[1]: Entering directory `/home/demo/Desktop/MaxCompiler-Builds/NRM_VECTIS_DFE_SIM/scratch/software-sim/build'
Wed 10:48: INFO    : /opt/maxeler/maxcompiler/lib/clang/bin/start.sh clang++ -c -fPIC -B/opt/maxeler/maxcompiler/lib/gcc -fbracket-depth=1024 -D_GLIBCXX__PTHREADS -D__USE_XOPEN2K8 -O3  -I. -I/opt/maxeler/maxcompiler/lib/boost/include -I/opt/maxeler/maxcompiler/lib/maxeleros-sim/include -I/opt/maxeler/maxcompiler/lib/lwip_sim -I/opt/maxeler/maxcompiler/lib/lwip_sim/include -I/opt/maxeler/maxcompiler/lib/lwip_sim/include/arch -I/opt/maxeler/maxcompiler/lib/lwip_sim/include/ipv4  -DHAVE_KERNELS -DMAXFILE_INC="../../MaxCompilerDesignData.dat" -g0  -DSLIC_NO_DECLARATIONS   -include-pch stdsimheader.h.gch -O0 -DOPTIMIZATION_LEVEL=0 -o objdir/max_msi.O0.o max_msi.cpp
Wed 10:48: INFO    : In file included from max_msi.cpp:19:
Wed 10:48: INFO    : /home/demo/Desktop/MaxCompiler-Builds/NRM_VECTIS_DFE_SIM/scratch/software-sim/build/MaxFile.h:4:9: warning: '_QUOTE' macro redefined [-Wmacro-redefined]
Wed 10:48: INFO    : #define _QUOTE(what) #what
Wed 10:48: INFO    :         ^
Wed 10:48: INFO    : /opt/maxeler/maxcompiler/lib/maxeleros-sim/include/maxrt_error.h:87:9: note: previous definition is here
Wed 10:48: INFO    : #define _QUOTE(x) #x
Wed 10:48: INFO    :         ^
Wed 10:48: INFO    : 1 warning generated.
Wed 10:48: INFO    : /opt/maxeler/maxcompiler/lib/clang/bin/start.sh clang++ -fPIC -B/opt/maxeler/maxcompiler/lib/gcc -fbracket-depth=1024 -D_GLIBCXX__PTHREADS -D__USE_XOPEN2K8 -O3  -I. -I/opt/maxeler/maxcompiler/lib/boost/include -I/opt/maxeler/maxcompiler/lib/maxeleros-sim/include -I/opt/maxeler/maxcompiler/lib/lwip_sim -I/opt/maxeler/maxcompiler/lib/lwip_sim/include -I/opt/maxeler/maxcompiler/lib/lwip_sim/include/arch -I/opt/maxeler/maxcompiler/lib/lwip_sim/include/ipv4  -DHAVE_KERNELS -DMAXFILE_INC="../../MaxCompilerDesignData.dat" -g0  -DSLIC_NO_DECLARATIONS   -MM -MP -MT objdir/max_msi.O0.o \
Wed 10:48: INFO    : 		max_msi.cpp > objdir/max_msi.O0.d
Wed 10:48: INFO    : /opt/maxeler/maxcompiler/lib/clang/bin/start.sh clang++ -fPIC -shared -B/opt/maxeler/maxcompiler/lib/gcc -L/opt/maxeler/maxcompiler/lib/boost/lib -lboost_thread -lboost_system -lboost_filesystem -lrt -pthread -O2 -s  -o NRM.so objdir/NRM_Kernel_exec0.NoTplInst.O2.o objdir/NRM_Kernel.O0.o objdir/NRM_Kernel_Templates.O2.o objdir/max_msi.O0.o StructToGroupDummy.o Mux.o DualAspectMux.o Demux.o Fanout.o CapRegs.o IFPGARegs.o ChecksumMem.o PCIe.o KernelManagerBlockSync.o DualAspectReg.o PullPushAdapter.o FilePullSource.o max_shared_fifo.o SharedFIFO.o Fifos.o FilePushSink.o SimTerminator.o Watch.o StreamStatus.o RunLengthExpander.o ManagerBlock.o MappedElements.o ManagerSync.o PullSync.o PushSync.o DynamicVarUInt.o SimException.o DebugStreams.o AddressGenerator.o MemoryControllerPro.o MemoryControllerRAM.o MemoryControllerCommand.o MemoryControllerStreams.o MemoryControllerConfig.o TCP.o Ethernet.o Timestamp.o /opt/maxeler/maxcompiler/lib/lwip_sim/lib/liblwip.a
Wed 10:48: INFO    : make[1]: Leaving directory `/home/demo/Desktop/MaxCompiler-Builds/NRM_VECTIS_DFE_SIM/scratch/software-sim/build'
Wed 10:48: INFO    : Build pass 'SimCompilePass' took 19.2700 s.
Wed 10:48: PROGRESS: (3/3) - Generate MaxFile (AddSimObjectToMaxFilePass)
Wed 10:48: INFO    : Build pass 'AddSimObjectToMaxFilePass' took 1.09434 s.
Wed 10:48: INFO    : Final result files after build: 
Wed 10:48: INFO    : Running command: ln -sf "../scratch/NRM-NRM_Kernel-original.pxg"
Wed 10:48: INFO    : NRM-NRM_Kernel-original.pxg (BuildFilePXG)
Wed 10:48: INFO    : Running command: ln -sf "../scratch/NRM_Kernel_Configuration.txt"
Wed 10:48: INFO    : NRM_Kernel_Configuration.txt (BuildFile)
Wed 10:48: INFO    : Running command: ln -sf "../scratch/NRM_Kernel_NodeDiary.txt"
Wed 10:48: INFO    : NRM_Kernel_NodeDiary.txt (BuildFile)
Wed 10:48: INFO    : Running command: ln -sf "../scratch/NRM-NRM_Kernel-final-simulation.pxg"
Wed 10:48: INFO    : NRM-NRM_Kernel-final-simulation.pxg (BuildFilePXG)
Wed 10:48: INFO    : Running command: ln -sf "../scratch/NRM.xml"
Wed 10:48: INFO    : NRM.xml (BuildFile)
Wed 10:48: INFO    : Running command: ln -sf "../scratch/NRM.h"
Wed 10:48: INFO    : NRM.h (BuildFileSlicH)
Wed 10:48: INFO    : Running command: ln -sf "../scratch/NRM.max"
Wed 10:48: INFO    : NRM.max (BuildFileMaxFile)
Wed 10:48: INFO    : Result files will be copied to '/home/demo/workspace/NewtonRaphsonMethod/RunRules/Simulation/maxfiles'
Wed 10:48: INFO    : Result 'NRM-NRM_Kernel-original.pxg' is identical to '/home/demo/workspace/NewtonRaphsonMethod/RunRules/Simulation/maxfiles/NRM-NRM_Kernel-original.pxg': not overwriting.
Wed 10:48: INFO    : Result 'NRM-NRM_Kernel-final-simulation.pxg' is identical to '/home/demo/workspace/NewtonRaphsonMethod/RunRules/Simulation/maxfiles/NRM-NRM_Kernel-final-simulation.pxg': not overwriting.
Wed 10:48: INFO    : Result 'NRM.h' is identical to '/home/demo/workspace/NewtonRaphsonMethod/RunRules/Simulation/maxfiles/NRM.h': not overwriting.
Wed 10:48: INFO    : Result 'NRM.max' is identical to '/home/demo/workspace/NewtonRaphsonMethod/RunRules/Simulation/maxfiles/NRM.max': not overwriting.
Wed 10:48: PROGRESS: MaxFile: /home/demo/Desktop/MaxCompiler-Builds/NRM_VECTIS_DFE_SIM/results/NRM.max (MD5Sum: 54201fbfeb3c230c69397f8bd21e5012)
Wed 10:48: INFO    : Waiting for any outstanding jobs to finish... 
Wed 10:48: PROGRESS: Build completed: Wed Jan 13 10:48:56 PST 2016 (took 29 secs)
